Build started 9/28/2014 5:22:43 PM.
     1>Project "D:\Graduate\second-year-first-semester\CIS-565\Project-2\Project2-StreamCompaction\Project\Project2\Project2.vcxproj" on node 2 (build target(s)).
     1>InitializeBuildStatus:
         Creating "Debug\Project2.unsuccessfulbuild" because "AlwaysCreate" was specified.
       AddCudaCompileDeps:
         C:\Program Files (x86)\Microsoft Visual Studio 10.0\VC\bin\cl.exe /E /nologo /showIncludes /TP /D__CUDACC__ /DWIN32 /D_DEBUG /D_CONSOLE /D_MBCS /I"C:\Program Files\NVIDIA GPU Computing Toolkit\CUDA\v6.5\include" /I"C:\Program Files\NVIDIA GPU Computing Toolkit\CUDA\v6.5\bin" /I"C:\Program Files\NVIDIA GPU Computing Toolkit\CUDA\v6.5\include" /I. /FIcuda_runtime.h /c D:\Graduate\second-year-first-semester\CIS-565\Project-2\Project2-StreamCompaction\Project\Project2\kernel.cu 
       AddCudaCompilePropsDeps:
       Skipping target "AddCudaCompilePropsDeps" because all output files are up-to-date with respect to the input files.
       CudaBuild:
         Compiling CUDA source file kernel.cu...
         cmd.exe /C "C:\Users\Bo\AppData\Local\Temp\tmpb8abd84397f94b82b5b9be70113d34db.cmd"
         "C:\Program Files\NVIDIA GPU Computing Toolkit\CUDA\v6.5\bin\nvcc.exe" -gencode=arch=compute_20,code=\"sm_20,compute_20\" --use-local-env --cl-version 2010 -ccbin "C:\Program Files (x86)\Microsoft Visual Studio 10.0\VC\bin"  -I"C:\Program Files\NVIDIA GPU Computing Toolkit\CUDA\v6.5\include" -I"C:\Program Files\NVIDIA GPU Computing Toolkit\CUDA\v6.5\include"  -G   --keep-dir Debug -maxrregcount=0  --machine 32 --compile -cudart static  -g   -DWIN32 -D_DEBUG -D_CONSOLE -D_MBCS -Xcompiler "/EHsc /W3 /nologo /Od /Zi /RTC1 /MDd  " -o Debug\kernel.cu.obj "D:\Graduate\second-year-first-semester\CIS-565\Project-2\Project2-StreamCompaction\Project\Project2\kernel.cu"
         
         D:\Graduate\second-year-first-semester\CIS-565\Project-2\Project2-StreamCompaction\Project\Project2>"C:\Program Files\NVIDIA GPU Computing Toolkit\CUDA\v6.5\bin\nvcc.exe" -gencode=arch=compute_20,code=\"sm_20,compute_20\" --use-local-env --cl-version 2010 -ccbin "C:\Program Files (x86)\Microsoft Visual Studio 10.0\VC\bin"  -I"C:\Program Files\NVIDIA GPU Computing Toolkit\CUDA\v6.5\include" -I"C:\Program Files\NVIDIA GPU Computing Toolkit\CUDA\v6.5\include"  -G   --keep-dir Debug -maxrregcount=0  --machine 32 --compile -cudart static  -g   -DWIN32 -D_DEBUG -D_CONSOLE -D_MBCS -Xcompiler "/EHsc /W3 /nologo /Od /Zi /RTC1 /MDd  " -o Debug\kernel.cu.obj "D:\Graduate\second-year-first-semester\CIS-565\Project-2\Project2-StreamCompaction\Project\Project2\kernel.cu" 
     1>c:\program files\nvidia gpu computing toolkit\cuda\v6.5\include\math_functions.h : warning C4819: The file contains a character that cannot be represented in the current code page (936). Save the file in Unicode format to prevent data loss
     1>c:\program files\nvidia gpu computing toolkit\cuda\v6.5\include\math_functions.h(853): warning C4819: The file contains a character that cannot be represented in the current code page (936). Save the file in Unicode format to prevent data loss
     1>c:\program files\nvidia gpu computing toolkit\cuda\v6.5\include\math_functions.h(1820): warning C4819: The file contains a character that cannot be represented in the current code page (936). Save the file in Unicode format to prevent data loss
     1>c:\program files\nvidia gpu computing toolkit\cuda\v6.5\include\math_functions.h(2700): warning C4819: The file contains a character that cannot be represented in the current code page (936). Save the file in Unicode format to prevent data loss
     1>c:\program files\nvidia gpu computing toolkit\cuda\v6.5\include\math_functions.h(3633): warning C4819: The file contains a character that cannot be represented in the current code page (936). Save the file in Unicode format to prevent data loss
     1>c:\program files\nvidia gpu computing toolkit\cuda\v6.5\include\math_functions.h(4541): warning C4819: The file contains a character that cannot be represented in the current code page (936). Save the file in Unicode format to prevent data loss
     1>c:\program files\nvidia gpu computing toolkit\cuda\v6.5\include\math_functions.h(5447): warning C4819: The file contains a character that cannot be represented in the current code page (936). Save the file in Unicode format to prevent data loss
     1>c:\program files\nvidia gpu computing toolkit\cuda\v6.5\include\math_functions.h(6341): warning C4819: The file contains a character that cannot be represented in the current code page (936). Save the file in Unicode format to prevent data loss
     1>c:\program files\nvidia gpu computing toolkit\cuda\v6.5\include\math_functions.h(7191): warning C4819: The file contains a character that cannot be represented in the current code page (936). Save the file in Unicode format to prevent data loss
     1>c:\program files\nvidia gpu computing toolkit\cuda\v6.5\include\device_functions.h : warning C4819: The file contains a character that cannot be represented in the current code page (936). Save the file in Unicode format to prevent data loss
     1>c:\program files\nvidia gpu computing toolkit\cuda\v6.5\include\device_functions.h(783): warning C4819: The file contains a character that cannot be represented in the current code page (936). Save the file in Unicode format to prevent data loss
     1>c:\program files\nvidia gpu computing toolkit\cuda\v6.5\include\device_functions.h(1659): warning C4819: The file contains a character that cannot be represented in the current code page (936). Save the file in Unicode format to prevent data loss
     1>c:\program files\nvidia gpu computing toolkit\cuda\v6.5\include\sm_13_double_functions.h : warning C4819: The file contains a character that cannot be represented in the current code page (936). Save the file in Unicode format to prevent data loss
     1>D:/Graduate/second-year-first-semester/CIS-565/Project-2/Project2-StreamCompaction/Project/Project2/kernel.cu(360): warning : return type of function "main" must be "int"
         
     1>c:\program files\nvidia gpu computing toolkit\cuda\v6.5\include\math_functions.h : warning C4819: The file contains a character that cannot be represented in the current code page (936). Save the file in Unicode format to prevent data loss
     1>c:\program files\nvidia gpu computing toolkit\cuda\v6.5\include\math_functions.h(853): warning C4819: The file contains a character that cannot be represented in the current code page (936). Save the file in Unicode format to prevent data loss
     1>c:\program files\nvidia gpu computing toolkit\cuda\v6.5\include\math_functions.h(1820): warning C4819: The file contains a character that cannot be represented in the current code page (936). Save the file in Unicode format to prevent data loss
     1>c:\program files\nvidia gpu computing toolkit\cuda\v6.5\include\math_functions.h(2700): warning C4819: The file contains a character that cannot be represented in the current code page (936). Save the file in Unicode format to prevent data loss
     1>c:\program files\nvidia gpu computing toolkit\cuda\v6.5\include\math_functions.h(3633): warning C4819: The file contains a character that cannot be represented in the current code page (936). Save the file in Unicode format to prevent data loss
     1>c:\program files\nvidia gpu computing toolkit\cuda\v6.5\include\math_functions.h(4541): warning C4819: The file contains a character that cannot be represented in the current code page (936). Save the file in Unicode format to prevent data loss
     1>c:\program files\nvidia gpu computing toolkit\cuda\v6.5\include\math_functions.h(5447): warning C4819: The file contains a character that cannot be represented in the current code page (936). Save the file in Unicode format to prevent data loss
     1>c:\program files\nvidia gpu computing toolkit\cuda\v6.5\include\math_functions.h(6341): warning C4819: The file contains a character that cannot be represented in the current code page (936). Save the file in Unicode format to prevent data loss
     1>c:\program files\nvidia gpu computing toolkit\cuda\v6.5\include\math_functions.h(7191): warning C4819: The file contains a character that cannot be represented in the current code page (936). Save the file in Unicode format to prevent data loss
     1>c:\program files\nvidia gpu computing toolkit\cuda\v6.5\include\math_functions.h : warning C4819: The file contains a character that cannot be represented in the current code page (936). Save the file in Unicode format to prevent data loss
     1>c:\program files\nvidia gpu computing toolkit\cuda\v6.5\include\math_functions.h(853): warning C4819: The file contains a character that cannot be represented in the current code page (936). Save the file in Unicode format to prevent data loss
     1>c:\program files\nvidia gpu computing toolkit\cuda\v6.5\include\math_functions.h(1820): warning C4819: The file contains a character that cannot be represented in the current code page (936). Save the file in Unicode format to prevent data loss
     1>c:\program files\nvidia gpu computing toolkit\cuda\v6.5\include\math_functions.h(2700): warning C4819: The file contains a character that cannot be represented in the current code page (936). Save the file in Unicode format to prevent data loss
     1>c:\program files\nvidia gpu computing toolkit\cuda\v6.5\include\math_functions.h(3633): warning C4819: The file contains a character that cannot be represented in the current code page (936). Save the file in Unicode format to prevent data loss
     1>c:\program files\nvidia gpu computing toolkit\cuda\v6.5\include\math_functions.h(4541): warning C4819: The file contains a character that cannot be represented in the current code page (936). Save the file in Unicode format to prevent data loss
     1>c:\program files\nvidia gpu computing toolkit\cuda\v6.5\include\math_functions.h(5447): warning C4819: The file contains a character that cannot be represented in the current code page (936). Save the file in Unicode format to prevent data loss
     1>c:\program files\nvidia gpu computing toolkit\cuda\v6.5\include\math_functions.h(6341): warning C4819: The file contains a character that cannot be represented in the current code page (936). Save the file in Unicode format to prevent data loss
     1>c:\program files\nvidia gpu computing toolkit\cuda\v6.5\include\math_functions.h(7191): warning C4819: The file contains a character that cannot be represented in the current code page (936). Save the file in Unicode format to prevent data loss
     1>c:\program files\nvidia gpu computing toolkit\cuda\v6.5\include\device_functions_decls.h : warning C4819: The file contains a character that cannot be represented in the current code page (936). Save the file in Unicode format to prevent data loss
     1>c:\program files\nvidia gpu computing toolkit\cuda\v6.5\include\device_functions_decls.h(948): warning C4819: The file contains a character that cannot be represented in the current code page (936). Save the file in Unicode format to prevent data loss
     1>c:\program files\nvidia gpu computing toolkit\cuda\v6.5\include\device_functions_decls.h(1984): warning C4819: The file contains a character that cannot be represented in the current code page (936). Save the file in Unicode format to prevent data loss
     1>c:\program files\nvidia gpu computing toolkit\cuda\v6.5\include\device_functions_decls.h(2932): warning C4819: The file contains a character that cannot be represented in the current code page (936). Save the file in Unicode format to prevent data loss
     1>c:\program files\nvidia gpu computing toolkit\cuda\v6.5\include\device_functions_decls.h(3882): warning C4819: The file contains a character that cannot be represented in the current code page (936). Save the file in Unicode format to prevent data loss
     1>c:\program files\nvidia gpu computing toolkit\cuda\v6.5\include\device_functions_decls.h(4853): warning C4819: The file contains a character that cannot be represented in the current code page (936). Save the file in Unicode format to prevent data loss
     1>c:\program files\nvidia gpu computing toolkit\cuda\v6.5\include\device_functions_decls.h(5899): warning C4819: The file contains a character that cannot be represented in the current code page (936). Save the file in Unicode format to prevent data loss
     1>c:\program files\nvidia gpu computing toolkit\cuda\v6.5\include\device_functions_decls.h(6842): warning C4819: The file contains a character that cannot be represented in the current code page (936). Save the file in Unicode format to prevent data loss
     1>c:\program files\nvidia gpu computing toolkit\cuda\v6.5\include\device_functions_decls.h(7786): warning C4819: The file contains a character that cannot be represented in the current code page (936). Save the file in Unicode format to prevent data loss
     1>c:\program files\nvidia gpu computing toolkit\cuda\v6.5\include\device_functions_decls.h(8712): warning C4819: The file contains a character that cannot be represented in the current code page (936). Save the file in Unicode format to prevent data loss
     1>c:\program files\nvidia gpu computing toolkit\cuda\v6.5\include\device_functions_decls.h(9705): warning C4819: The file contains a character that cannot be represented in the current code page (936). Save the file in Unicode format to prevent data loss
     1>c:\program files\nvidia gpu computing toolkit\cuda\v6.5\include\device_functions_decls.h(10766): warning C4819: The file contains a character that cannot be represented in the current code page (936). Save the file in Unicode format to prevent data loss
     1>c:\program files\nvidia gpu computing toolkit\cuda\v6.5\include\device_functions.h : warning C4819: The file contains a character that cannot be represented in the current code page (936). Save the file in Unicode format to prevent data loss
     1>c:\program files\nvidia gpu computing toolkit\cuda\v6.5\include\device_functions.h(783): warning C4819: The file contains a character that cannot be represented in the current code page (936). Save the file in Unicode format to prevent data loss
     1>c:\program files\nvidia gpu computing toolkit\cuda\v6.5\include\device_functions.h(1659): warning C4819: The file contains a character that cannot be represented in the current code page (936). Save the file in Unicode format to prevent data loss
     1>c:\program files\nvidia gpu computing toolkit\cuda\v6.5\include\sm_13_double_functions.h : warning C4819: The file contains a character that cannot be represented in the current code page (936). Save the file in Unicode format to prevent data loss
     1>c:\program files\nvidia gpu computing toolkit\cuda\v6.5\include\math_functions.h : warning C4819: The file contains a character that cannot be represented in the current code page (936). Save the file in Unicode format to prevent data loss
     1>c:\program files\nvidia gpu computing toolkit\cuda\v6.5\include\math_functions.h(853): warning C4819: The file contains a character that cannot be represented in the current code page (936). Save the file in Unicode format to prevent data loss
     1>c:\program files\nvidia gpu computing toolkit\cuda\v6.5\include\math_functions.h(1820): warning C4819: The file contains a character that cannot be represented in the current code page (936). Save the file in Unicode format to prevent data loss
     1>c:\program files\nvidia gpu computing toolkit\cuda\v6.5\include\math_functions.h(2700): warning C4819: The file contains a character that cannot be represented in the current code page (936). Save the file in Unicode format to prevent data loss
     1>c:\program files\nvidia gpu computing toolkit\cuda\v6.5\include\math_functions.h(3633): warning C4819: The file contains a character that cannot be represented in the current code page (936). Save the file in Unicode format to prevent data loss
     1>c:\program files\nvidia gpu computing toolkit\cuda\v6.5\include\math_functions.h(4541): warning C4819: The file contains a character that cannot be represented in the current code page (936). Save the file in Unicode format to prevent data loss
     1>c:\program files\nvidia gpu computing toolkit\cuda\v6.5\include\math_functions.h(5447): warning C4819: The file contains a character that cannot be represented in the current code page (936). Save the file in Unicode format to prevent data loss
     1>c:\program files\nvidia gpu computing toolkit\cuda\v6.5\include\math_functions.h(6341): warning C4819: The file contains a character that cannot be represented in the current code page (936). Save the file in Unicode format to prevent data loss
     1>c:\program files\nvidia gpu computing toolkit\cuda\v6.5\include\math_functions.h(7191): warning C4819: The file contains a character that cannot be represented in the current code page (936). Save the file in Unicode format to prevent data loss
     1>c:\program files\nvidia gpu computing toolkit\cuda\v6.5\include\device_functions.h : warning C4819: The file contains a character that cannot be represented in the current code page (936). Save the file in Unicode format to prevent data loss
     1>c:\program files\nvidia gpu computing toolkit\cuda\v6.5\include\device_functions.h(783): warning C4819: The file contains a character that cannot be represented in the current code page (936). Save the file in Unicode format to prevent data loss
     1>c:\program files\nvidia gpu computing toolkit\cuda\v6.5\include\device_functions.h(1659): warning C4819: The file contains a character that cannot be represented in the current code page (936). Save the file in Unicode format to prevent data loss
     1>c:\program files\nvidia gpu computing toolkit\cuda\v6.5\include\sm_13_double_functions.h : warning C4819: The file contains a character that cannot be represented in the current code page (936). Save the file in Unicode format to prevent data loss
     1>D:/Graduate/second-year-first-semester/CIS-565/Project-2/Project2-StreamCompaction/Project/Project2/kernel.cu(360): warning : return type of function "main" must be "int"
         
     1>c:\program files\nvidia gpu computing toolkit\cuda\v6.5\include\math_functions.h : warning C4819: The file contains a character that cannot be represented in the current code page (936). Save the file in Unicode format to prevent data loss
     1>c:\program files\nvidia gpu computing toolkit\cuda\v6.5\include\math_functions.h(853): warning C4819: The file contains a character that cannot be represented in the current code page (936). Save the file in Unicode format to prevent data loss
     1>c:\program files\nvidia gpu computing toolkit\cuda\v6.5\include\math_functions.h(1820): warning C4819: The file contains a character that cannot be represented in the current code page (936). Save the file in Unicode format to prevent data loss
     1>c:\program files\nvidia gpu computing toolkit\cuda\v6.5\include\math_functions.h(2700): warning C4819: The file contains a character that cannot be represented in the current code page (936). Save the file in Unicode format to prevent data loss
     1>c:\program files\nvidia gpu computing toolkit\cuda\v6.5\include\math_functions.h(3633): warning C4819: The file contains a character that cannot be represented in the current code page (936). Save the file in Unicode format to prevent data loss
     1>c:\program files\nvidia gpu computing toolkit\cuda\v6.5\include\math_functions.h(4541): warning C4819: The file contains a character that cannot be represented in the current code page (936). Save the file in Unicode format to prevent data loss
     1>c:\program files\nvidia gpu computing toolkit\cuda\v6.5\include\math_functions.h(5447): warning C4819: The file contains a character that cannot be represented in the current code page (936). Save the file in Unicode format to prevent data loss
     1>c:\program files\nvidia gpu computing toolkit\cuda\v6.5\include\math_functions.h(6341): warning C4819: The file contains a character that cannot be represented in the current code page (936). Save the file in Unicode format to prevent data loss
     1>c:\program files\nvidia gpu computing toolkit\cuda\v6.5\include\math_functions.h(7191): warning C4819: The file contains a character that cannot be represented in the current code page (936). Save the file in Unicode format to prevent data loss
         kernel.cu
       ClCompile:
         All outputs are up-to-date.
       ManifestResourceCompile:
         All outputs are up-to-date.
       Link:
         C:\Program Files (x86)\Microsoft Visual Studio 10.0\VC\bin\link.exe /ERRORREPORT:PROMPT /OUT:"D:\Graduate\second-year-first-semester\CIS-565\Project-2\Project2-StreamCompaction\Project\Debug\Project2.exe" /INCREMENTAL /NOLOGO /LIBPATH:"C:\Program Files\NVIDIA GPU Computing Toolkit\CUDA\v6.5\lib\Win32" cudart.lib kernel32.lib user32.lib gdi32.lib winspool.lib comdlg32.lib advapi32.lib shell32.lib ole32.lib oleaut32.lib uuid.lib odbc32.lib odbccp32.lib kernel32.lib user32.lib gdi32.lib winspool.lib comdlg32.lib advapi32.lib shell32.lib ole32.lib oleaut32.lib uuid.lib odbc32.lib odbccp32.lib /MANIFEST /ManifestFile:"Debug\Project2.exe.intermediate.manifest" /MANIFESTUAC:"level='asInvoker' uiAccess='false'" /DEBUG /PDB:"D:\Graduate\second-year-first-semester\CIS-565\Project-2\Project2-StreamCompaction\Project\Debug\Project2.pdb" /SUBSYSTEM:CONSOLE /TLBID:1 /DYNAMICBASE /NXCOMPAT /IMPLIB:"D:\Graduate\second-year-first-semester\CIS-565\Project-2\Project2-StreamCompaction\Project\Debug\Project2.lib" /MACHINE:X86 Debug\kernel.cu.obj
         Debug\Project2.exe.embed.manifest.res
         Debug\CPUcode.obj
       Manifest:
         C:\Program Files (x86)\Microsoft SDKs\Windows\v7.0A\bin\mt.exe /nologo /verbose /out:"Debug\Project2.exe.embed.manifest" /manifest Debug\Project2.exe.intermediate.manifest
         All outputs are up-to-date.
       LinkEmbedManifest:
         All outputs are up-to-date.
         Project2.vcxproj -> D:\Graduate\second-year-first-semester\CIS-565\Project-2\Project2-StreamCompaction\Project\Debug\Project2.exe
       PostBuildEvent:
         echo copy "C:\Program Files\NVIDIA GPU Computing Toolkit\CUDA\v6.5\bin\cudart*.dll" "D:\Graduate\second-year-first-semester\CIS-565\Project-2\Project2-StreamCompaction\Project\Debug\"
         copy "C:\Program Files\NVIDIA GPU Computing Toolkit\CUDA\v6.5\bin\cudart*.dll" "D:\Graduate\second-year-first-semester\CIS-565\Project-2\Project2-StreamCompaction\Project\Debug\"
         :VCEnd
         copy "C:\Program Files\NVIDIA GPU Computing Toolkit\CUDA\v6.5\bin\cudart*.dll" "D:\Graduate\second-year-first-semester\CIS-565\Project-2\Project2-StreamCompaction\Project\Debug\"
         C:\Program Files\NVIDIA GPU Computing Toolkit\CUDA\v6.5\bin\cudart32_65.dll
         C:\Program Files\NVIDIA GPU Computing Toolkit\CUDA\v6.5\bin\cudart64_65.dll
                 2 file(s) copied.
       FinalizeBuildStatus:
         Deleting file "Debug\Project2.unsuccessfulbuild".
         Touching "Debug\Project2.lastbuildstate".
     1>Done Building Project "D:\Graduate\second-year-first-semester\CIS-565\Project-2\Project2-StreamCompaction\Project\Project2\Project2.vcxproj" (build target(s)).

Build succeeded.

Time Elapsed 00:00:11.96
